staff-app/apk-output/gradle-app/intermediates/manifest_merge_blame_file/debug/processDebugMainManifest/manifest-merger-blame-debug-report.txt
1<?xml version="1.0" encoding="utf-8"?>
2<manifest xmlns:android="http://schemas.android.com/apk/res/android"
3    package="com.aura.staff"
4    android:versionCode="1"
5    android:versionName="1.0" >
6
7    <uses-sdk
8        android:minSdkVersion="23"
9        android:targetSdkVersion="35" />
10
11    <!-- Permissions -->
12
13    <uses-permission android:name="android.permission.INTERNET" />
13-->src\main\AndroidManifest.xml:42:5-67
13-->src\main\AndroidManifest.xml:42:22-64
14    <uses-permission android:name="android.permission.ACCESS_FINE_LOCATION" />
14-->src\main\AndroidManifest.xml:43:5-79
14-->src\main\AndroidManifest.xml:43:22-76
15    <uses-permission android:name="android.permission.ACCESS_COARSE_LOCATION" />
15-->src\main\AndroidManifest.xml:44:5-81
15-->src\main\AndroidManifest.xml:44:22-78
16    <uses-permission android:name="android.permission.USE_BIOMETRIC" />
16-->src\main\AndroidManifest.xml:45:5-72
16-->src\main\AndroidManifest.xml:45:22-69
17    <uses-permission android:name="android.permission.USE_FINGERPRINT" />
17-->src\main\AndroidManifest.xml:46:5-74
17-->src\main\AndroidManifest.xml:46:22-71
18
19    <uses-feature
19-->src\main\AndroidManifest.xml:47:5-91
20        android:name="android.hardware.location.gps"
20-->src\main\AndroidManifest.xml:47:19-63
21        android:required="false" />
21-->src\main\AndroidManifest.xml:47:64-88
22    <uses-feature
22-->src\main\AndroidManifest.xml:48:5-90
23        android:name="android.hardware.fingerprint"
23-->src\main\AndroidManifest.xml:48:19-62
24        android:required="false" />
24-->src\main\AndroidManifest.xml:48:63-87
25
26    <uses-permission android:name="android.permission.ACCESS_NETWORK_STATE" />
26-->[com.google.firebase:firebase-messaging:24.1.0] AndroidManifest.xml:22:5-79
26-->[com.google.firebase:firebase-messaging:24.1.0] AndroidManifest.xml:22:22-76
27    <uses-permission android:name="android.permission.POST_NOTIFICATIONS" />
27-->[com.google.firebase:firebase-messaging:24.1.0] AndroidManifest.xml:23:5-77
27-->[com.google.firebase:firebase-messaging:24.1.0] AndroidManifest.xml:23:22-74
28    <uses-permission android:name="android.permission.WAKE_LOCK" /> <!-- Required by older versions of Google Play services to create IID tokens -->
28-->[com.google.firebase:firebase-messaging:24.1.0] AndroidManifest.xml:24:5-68
28-->[com.google.firebase:firebase-messaging:24.1.0] AndroidManifest.xml:24:22-65
29    <uses-permission android:name="com.google.android.c2dm.permission.RECEIVE" />
29-->[com.google.firebase:firebase-messaging:24.1.0] AndroidManifest.xml:26:5-82
29-->[com.google.firebase:firebase-messaging:24.1.0] AndroidManifest.xml:26:22-79
30
31    <permission
31-->[androidx.core:core:1.15.0] AndroidManifest.xml:22:5-24:47
32        android:name="com.aura.staff.DYNAMIC_RECEIVER_NOT_EXPORTED_PERMISSION"
32-->[androidx.core:core:1.15.0] AndroidManifest.xml:23:9-81
33        android:protectionLevel="signature" />
33-->[androidx.core:core:1.15.0] AndroidManifest.xml:24:9-44
34
35    <uses-permission android:name="com.aura.staff.DYNAMIC_RECEIVER_NOT_EXPORTED_PERMISSION" />
35-->[androidx.core:core:1.15.0] AndroidManifest.xml:26:5-97
35-->[androidx.core:core:1.15.0] AndroidManifest.xml:26:22-94
36
37    <application
37-->src\main\AndroidManifest.xml:4:5-38:19
38        android:allowBackup="false"
38-->src\main\AndroidManifest.xml:5:9-36
39        android:appComponentFactory="androidx.core.app.CoreComponentFactory"
39-->[androidx.core:core:1.15.0] AndroidManifest.xml:28:18-86
40        android:debuggable="true"
41        android:extractNativeLibs="false"
42        android:icon="@mipmap/ic_launcher"
42-->src\main\AndroidManifest.xml:6:9-43
43        android:label="@string/app_name"
43-->src\main\AndroidManifest.xml:7:9-41
44        android:networkSecurityConfig="@xml/network_security_config"
44-->src\main\AndroidManifest.xml:11:9-69
45        android:roundIcon="@mipmap/ic_launcher_round"
45-->src\main\AndroidManifest.xml:8:9-54
46        android:supportsRtl="true"
46-->src\main\AndroidManifest.xml:9:9-35
47        android:theme="@style/AppTheme"
47-->src\main\AndroidManifest.xml:12:9-40
48        android:usesCleartextTraffic="true" >
48-->src\main\AndroidManifest.xml:10:9-44
49        <activity
49-->src\main\AndroidManifest.xml:14:9-27:20
50            android:name="com.aura.staff.MainActivity"
50-->src\main\AndroidManifest.xml:16:13-41
51            android:configChanges="orientation|keyboardHidden|keyboard|screenSize|locale|smallestScreenSize|screenLayout|uiMode|navigation"
51-->src\main\AndroidManifest.xml:15:13-140
52            android:exported="true"
52-->src\main\AndroidManifest.xml:20:13-36
53            android:label="@string/title_activity_main"
53-->src\main\AndroidManifest.xml:17:13-56
54            android:launchMode="singleTask"
54-->src\main\AndroidManifest.xml:19:13-44
55            android:theme="@style/AppTheme.NoActionBarLaunch" >
55-->src\main\AndroidManifest.xml:18:13-62
56            <intent-filter>
56-->src\main\AndroidManifest.xml:22:13-25:29
57                <action android:name="android.intent.action.MAIN" />
57-->src\main\AndroidManifest.xml:23:17-69
57-->src\main\AndroidManifest.xml:23:25-66
58
59                <category android:name="android.intent.category.LAUNCHER" />
59-->src\main\AndroidManifest.xml:24:17-77
59-->src\main\AndroidManifest.xml:24:27-74
60            </intent-filter>
61        </activity>
62
63        <provider
64            android:name="androidx.core.content.FileProvider"
64-->src\main\AndroidManifest.xml:30:13-62
65            android:authorities="com.aura.staff.fileprovider"
65-->src\main\AndroidManifest.xml:31:13-64
66            android:exported="false"
66-->src\main\AndroidManifest.xml:32:13-37
67            android:grantUriPermissions="true" >
67-->src\main\AndroidManifest.xml:33:13-47
68            <meta-data
68-->src\main\AndroidManifest.xml:34:13-36:64
69                android:name="android.support.FILE_PROVIDER_PATHS"
69-->src\main\AndroidManifest.xml:35:17-67
70                android:resource="@xml/file_paths" />
70-->src\main\AndroidManifest.xml:36:17-51
71        </provider>
72
73        <service
73-->[:capacitor-push-notifications] AndroidManifest.xml:8:9-14:19
74            android:name="com.capacitorjs.plugins.pushnotifications.MessagingService"
74-->[:capacitor-push-notifications] AndroidManifest.xml:9:13-86
75            android:exported="false" >
75-->[:capacitor-push-notifications] AndroidManifest.xml:10:13-37
76            <intent-filter>
76-->[:capacitor-push-notifications] AndroidManifest.xml:11:13-13:29
77                <action android:name="com.google.firebase.MESSAGING_EVENT" />
77-->[:capacitor-push-notifications] AndroidManifest.xml:12:17-78
77-->[:capacitor-push-notifications] AndroidManifest.xml:12:25-75
78            </intent-filter>
79        </service>
80
81        <receiver
81-->[com.google.firebase:firebase-messaging:24.1.0] AndroidManifest.xml:29:9-40:20
82            android:name="com.google.firebase.iid.FirebaseInstanceIdReceiver"
82-->[com.google.firebase:firebase-messaging:24.1.0] AndroidManifest.xml:30:13-78
83            android:exported="true"
83-->[com.google.firebase:firebase-messaging:24.1.0] AndroidManifest.xml:31:13-36
84            android:permission="com.google.android.c2dm.permission.SEND" >
84-->[com.google.firebase:firebase-messaging:24.1.0] AndroidManifest.xml:32:13-73
85            <intent-filter>
85-->[com.google.firebase:firebase-messaging:24.1.0] AndroidManifest.xml:33:13-35:29
86                <action android:name="com.google.android.c2dm.intent.RECEIVE" />
86-->[com.google.firebase:firebase-messaging:24.1.0] AndroidManifest.xml:34:17-81
86-->[com.google.firebase:firebase-messaging:24.1.0] AndroidManifest.xml:34:25-78
87            </intent-filter>
88
89            <meta-data
89-->[com.google.firebase:firebase-messaging:24.1.0] AndroidManifest.xml:37:13-39:40
90                android:name="com.google.android.gms.cloudmessaging.FINISHED_AFTER_HANDLED"
90-->[com.google.firebase:firebase-messaging:24.1.0] AndroidManifest.xml:38:17-92
91                android:value="true" />
91-->[com.google.firebase:firebase-messaging:24.1.0] AndroidManifest.xml:39:17-37
92        </receiver>
93        <!--
94             FirebaseMessagingService performs security checks at runtime,
95             but set to not exported to explicitly avoid allowing another app to call it.
96        -->
97        <service
97-->[com.google.firebase:firebase-messaging:24.1.0] AndroidManifest.xml:46:9-53:19
98            android:name="com.google.firebase.messaging.FirebaseMessagingService"
98-->[com.google.firebase:firebase-messaging:24.1.0] AndroidManifest.xml:47:13-82
99            android:directBootAware="true"
99-->[com.google.firebase:firebase-messaging:24.1.0] AndroidManifest.xml:48:13-43
100            android:exported="false" >
100-->[com.google.firebase:firebase-messaging:24.1.0] AndroidManifest.xml:49:13-37
101            <intent-filter android:priority="-500" >
101-->[:capacitor-push-notifications] AndroidManifest.xml:11:13-13:29
102                <action android:name="com.google.firebase.MESSAGING_EVENT" />
102-->[:capacitor-push-notifications] AndroidManifest.xml:12:17-78
102-->[:capacitor-push-notifications] AndroidManifest.xml:12:25-75
103            </intent-filter>
104        </service>
105        <service
105-->[com.google.firebase:firebase-messaging:24.1.0] AndroidManifest.xml:54:9-63:19
106            android:name="com.google.firebase.components.ComponentDiscoveryService"
106-->[com.google.firebase:firebase-messaging:24.1.0] AndroidManifest.xml:55:13-84
107            android:directBootAware="true"
107-->[com.google.firebase:firebase-common:21.0.0] AndroidManifest.xml:32:13-43
108            android:exported="false" >
108-->[com.google.firebase:firebase-messaging:24.1.0] AndroidManifest.xml:56:13-37
109            <meta-data
109-->[com.google.firebase:firebase-messaging:24.1.0] AndroidManifest.xml:57:13-59:85
110                android:name="com.google.firebase.components:com.google.firebase.messaging.FirebaseMessagingKtxRegistrar"
110-->[com.google.firebase:firebase-messaging:24.1.0] AndroidManifest.xml:58:17-122
111                android:value="com.google.firebase.components.ComponentRegistrar" />
111-->[com.google.firebase:firebase-messaging:24.1.0] AndroidManifest.xml:59:17-82
112            <meta-data
112-->[com.google.firebase:firebase-messaging:24.1.0] AndroidManifest.xml:60:13-62:85
113                android:name="com.google.firebase.components:com.google.firebase.messaging.FirebaseMessagingRegistrar"
113-->[com.google.firebase:firebase-messaging:24.1.0] AndroidManifest.xml:61:17-119
114                android:value="com.google.firebase.components.ComponentRegistrar" />
114-->[com.google.firebase:firebase-messaging:24.1.0] AndroidManifest.xml:62:17-82
115            <meta-data
115-->[com.google.firebase:firebase-installations:17.2.0] AndroidManifest.xml:15:13-17:85
116                android:name="com.google.firebase.components:com.google.firebase.installations.FirebaseInstallationsKtxRegistrar"
116-->[com.google.firebase:firebase-installations:17.2.0] AndroidManifest.xml:16:17-130
117                android:value="com.google.firebase.components.ComponentRegistrar" />
117-->[com.google.firebase:firebase-installations:17.2.0] AndroidManifest.xml:17:17-82
118            <meta-data
118-->[com.google.firebase:firebase-installations:17.2.0] AndroidManifest.xml:18:13-20:85
119                android:name="com.google.firebase.components:com.google.firebase.installations.FirebaseInstallationsRegistrar"
119-->[com.google.firebase:firebase-installations:17.2.0] AndroidManifest.xml:19:17-127
120                android:value="com.google.firebase.components.ComponentRegistrar" />
120-->[com.google.firebase:firebase-installations:17.2.0] AndroidManifest.xml:20:17-82
121            <meta-data
121-->[com.google.firebase:firebase-common-ktx:21.0.0] AndroidManifest.xml:12:13-14:85
122                android:name="com.google.firebase.components:com.google.firebase.ktx.FirebaseCommonLegacyRegistrar"
122-->[com.google.firebase:firebase-common-ktx:21.0.0] AndroidManifest.xml:13:17-116
123                android:value="com.google.firebase.components.ComponentRegistrar" />
123-->[com.google.firebase:firebase-common-ktx:21.0.0] AndroidManifest.xml:14:17-82
124            <meta-data
124-->[com.google.firebase:firebase-common:21.0.0] AndroidManifest.xml:35:13-37:85
125                android:name="com.google.firebase.components:com.google.firebase.FirebaseCommonKtxRegistrar"
125-->[com.google.firebase:firebase-common:21.0.0] AndroidManifest.xml:36:17-109
126                android:value="com.google.firebase.components.ComponentRegistrar" />
126-->[com.google.firebase:firebase-common:21.0.0] AndroidManifest.xml:37:17-82
127            <meta-data
127-->[com.google.firebase:firebase-datatransport:18.2.0] AndroidManifest.xml:25:13-27:85
128                android:name="com.google.firebase.components:com.google.firebase.datatransport.TransportRegistrar"
128-->[com.google.firebase:firebase-datatransport:18.2.0] AndroidManifest.xml:26:17-115
129                android:value="com.google.firebase.components.ComponentRegistrar" />
129-->[com.google.firebase:firebase-datatransport:18.2.0] AndroidManifest.xml:27:17-82
130        </service>
131
132        <activity
132-->[com.google.android.gms:play-services-base:18.5.0] AndroidManifest.xml:5:9-173
133            android:name="com.google.android.gms.common.api.GoogleApiActivity"
133-->[com.google.android.gms:play-services-base:18.5.0] AndroidManifest.xml:5:19-85
134            android:exported="false"
134-->[com.google.android.gms:play-services-base:18.5.0] AndroidManifest.xml:5:146-170
135            android:theme="@android:style/Theme.Translucent.NoTitleBar" />
135-->[com.google.android.gms:play-services-base:18.5.0] AndroidManifest.xml:5:86-145
136
137        <provider
137-->[com.google.firebase:firebase-common:21.0.0] AndroidManifest.xml:23:9-28:39
138            android:name="com.google.firebase.provider.FirebaseInitProvider"
138-->[com.google.firebase:firebase-common:21.0.0] AndroidManifest.xml:24:13-77
139            android:authorities="com.aura.staff.firebaseinitprovider"
139-->[com.google.firebase:firebase-common:21.0.0] AndroidManifest.xml:25:13-72
140            android:directBootAware="true"
140-->[com.google.firebase:firebase-common:21.0.0] AndroidManifest.xml:26:13-43
141            android:exported="false"
141-->[com.google.firebase:firebase-common:21.0.0] AndroidManifest.xml:27:13-37
142            android:initOrder="100" />
142-->[com.google.firebase:firebase-common:21.0.0] AndroidManifest.xml:28:13-36
143        <provider
143-->[androidx.emoji2:emoji2:1.3.0] AndroidManifest.xml:24:9-32:20
144            android:name="androidx.startup.InitializationProvider"
144-->[androidx.emoji2:emoji2:1.3.0] AndroidManifest.xml:25:13-67
145            android:authorities="com.aura.staff.androidx-startup"
145-->[androidx.emoji2:emoji2:1.3.0] AndroidManifest.xml:26:13-68
146            android:exported="false" >
146-->[androidx.emoji2:emoji2:1.3.0] AndroidManifest.xml:27:13-37
147            <meta-data
147-->[androidx.emoji2:emoji2:1.3.0] AndroidManifest.xml:29:13-31:52
148                android:name="androidx.emoji2.text.EmojiCompatInitializer"
148-->[androidx.emoji2:emoji2:1.3.0] AndroidManifest.xml:30:17-75
149                android:value="androidx.startup" />
149-->[androidx.emoji2:emoji2:1.3.0] AndroidManifest.xml:31:17-49
150            <meta-data
150-->[androidx.lifecycle:lifecycle-process:2.6.2] AndroidManifest.xml:29:13-31:52
151                android:name="androidx.lifecycle.ProcessLifecycleInitializer"
151-->[androidx.lifecycle:lifecycle-process:2.6.2] AndroidManifest.xml:30:17-78
152                android:value="androidx.startup" />
152-->[androidx.lifecycle:lifecycle-process:2.6.2] AndroidManifest.xml:31:17-49
153            <meta-data
153-->[androidx.profileinstaller:profileinstaller:1.3.1] AndroidManifest.xml:29:13-31:52
154                android:name="androidx.profileinstaller.ProfileInstallerInitializer"
154-->[androidx.profileinstaller:profileinstaller:1.3.1] AndroidManifest.xml:30:17-85
155                android:value="androidx.startup" />
155-->[androidx.profileinstaller:profileinstaller:1.3.1] AndroidManifest.xml:31:17-49
156        </provider>
157
158        <meta-data
158-->[com.google.android.gms:play-services-basement:18.4.0] AndroidManifest.xml:6:9-122
159            android:name="com.google.android.gms.version"
159-->[com.google.android.gms:play-services-basement:18.4.0] AndroidManifest.xml:6:20-65
160            android:value="@integer/google_play_services_version" />
160-->[com.google.android.gms:play-services-basement:18.4.0] AndroidManifest.xml:6:66-119
161
162        <receiver
162-->[androidx.profileinstaller:profileinstaller:1.3.1] AndroidManifest.xml:34:9-52:20
163            android:name="androidx.profileinstaller.ProfileInstallReceiver"
163-->[androidx.profileinstaller:profileinstaller:1.3.1] AndroidManifest.xml:35:13-76
164            android:directBootAware="false"
164-->[androidx.profileinstaller:profileinstaller:1.3.1] AndroidManifest.xml:36:13-44
165            android:enabled="true"
165-->[androidx.profileinstaller:profileinstaller:1.3.1] AndroidManifest.xml:37:13-35
166            android:exported="true"
166-->[androidx.profileinstaller:profileinstaller:1.3.1] AndroidManifest.xml:38:13-36
167            android:permission="android.permission.DUMP" >
167-->[androidx.profileinstaller:profileinstaller:1.3.1] AndroidManifest.xml:39:13-57
168            <intent-filter>
168-->[androidx.profileinstaller:profileinstaller:1.3.1] AndroidManifest.xml:40:13-42:29
169                <action android:name="androidx.profileinstaller.action.INSTALL_PROFILE" />
169-->[androidx.profileinstaller:profileinstaller:1.3.1] AndroidManifest.xml:41:17-91
169-->[androidx.profileinstaller:profileinstaller:1.3.1] AndroidManifest.xml:41:25-88
170            </intent-filter>
171            <intent-filter>
171-->[androidx.profileinstaller:profileinstaller:1.3.1] AndroidManifest.xml:43:13-45:29
172                <action android:name="androidx.profileinstaller.action.SKIP_FILE" />
172-->[androidx.profileinstaller:profileinstaller:1.3.1] AndroidManifest.xml:44:17-85
172-->[androidx.profileinstaller:profileinstaller:1.3.1] AndroidManifest.xml:44:25-82
173            </intent-filter>
174            <intent-filter>
174-->[androidx.profileinstaller:profileinstaller:1.3.1] AndroidManifest.xml:46:13-48:29
175                <action android:name="androidx.profileinstaller.action.SAVE_PROFILE" />
175-->[androidx.profileinstaller:profileinstaller:1.3.1] AndroidManifest.xml:47:17-88
175-->[androidx.profileinstaller:profileinstaller:1.3.1] AndroidManifest.xml:47:25-85
176            </intent-filter>
177            <intent-filter>
177-->[androidx.profileinstaller:profileinstaller:1.3.1] AndroidManifest.xml:49:13-51:29
178                <action android:name="androidx.profileinstaller.action.BENCHMARK_OPERATION" />
178-->[androidx.profileinstaller:profileinstaller:1.3.1] AndroidManifest.xml:50:17-95
178-->[androidx.profileinstaller:profileinstaller:1.3.1] AndroidManifest.xml:50:25-92
179            </intent-filter>
180        </receiver>
181
182        <service
182-->[com.google.android.datatransport:transport-backend-cct:3.1.9] AndroidManifest.xml:28:9-34:19
183            android:name="com.google.android.datatransport.runtime.backends.TransportBackendDiscovery"
183-->[com.google.android.datatransport:transport-backend-cct:3.1.9] AndroidManifest.xml:29:13-103
184            android:exported="false" >
184-->[com.google.android.datatransport:transport-backend-cct:3.1.9] AndroidManifest.xml:30:13-37
185            <meta-data
185-->[com.google.android.datatransport:transport-backend-cct:3.1.9] AndroidManifest.xml:31:13-33:39
186                android:name="backend:com.google.android.datatransport.cct.CctBackendFactory"
186-->[com.google.android.datatransport:transport-backend-cct:3.1.9] AndroidManifest.xml:32:17-94
187                android:value="cct" />
187-->[com.google.android.datatransport:transport-backend-cct:3.1.9] AndroidManifest.xml:33:17-36
188        </service>
189        <service
189-->[com.google.android.datatransport:transport-runtime:3.1.9] AndroidManifest.xml:26:9-30:19
190            android:name="com.google.android.datatransport.runtime.scheduling.jobscheduling.JobInfoSchedulerService"
190-->[com.google.android.datatransport:transport-runtime:3.1.9] AndroidManifest.xml:27:13-117
191            android:exported="false"
191-->[com.google.android.datatransport:transport-runtime:3.1.9] AndroidManifest.xml:28:13-37
192            android:permission="android.permission.BIND_JOB_SERVICE" >
192-->[com.google.android.datatransport:transport-runtime:3.1.9] AndroidManifest.xml:29:13-69
193        </service>
194
195        <receiver
195-->[com.google.android.datatransport:transport-runtime:3.1.9] AndroidManifest.xml:32:9-34:40
196            android:name="com.google.android.datatransport.runtime.scheduling.jobscheduling.AlarmManagerSchedulerBroadcastReceiver"
196-->[com.google.android.datatransport:transport-runtime:3.1.9] AndroidManifest.xml:33:13-132
197            android:exported="false" />
197-->[com.google.android.datatransport:transport-runtime:3.1.9] AndroidManifest.xml:34:13-37
198    </application>
199
200</manifest>